<?xml version="1.0" encoding="UTF-8"?>
<testng-results ignored="0" total="1" passed="1" failed="0" skipped="0">
  <reporter-output>
  </reporter-output>
  <suite started-at="2025-11-19T23:48:05 IST" name="Default suite" finished-at="2025-11-19T23:48:10 IST" duration-ms="5845">
    <groups>
    </groups>
    <test started-at="2025-11-19T23:48:05 IST" name="Default test" finished-at="2025-11-19T23:48:10 IST" duration-ms="5845">
      <class name="getTest.test">
        <test-method signature="get()[pri:0, instance:getTest.test@4686afc2]" started-at="2025-11-19T23:48:05 IST" name="get" finished-at="2025-11-19T23:48:10 IST" duration-ms="5742" status="PASS">
          <reporter-output>
          </reporter-output>
        </test-method> <!-- get -->
      </class> <!-- getTest.test -->
    </test> <!-- Default test -->
  </suite> <!-- Default suite -->
</testng-results>
